<?xml version="1.0" encoding="UTF-8"?>
<testsuite name="Login Test"
           tests="2"
           failures="0"
           errors="0"
           skipped="0"
           time="1.676">
  <properties />
  
  
            <testcase name="userShouldNavigateToLoginPageSuccessFully" time="0.531" classname="com.nopcommerce.demo.testsuite.LoginPageTest" />
                <testcase name="verifyTheErrorMessageWithInValidCredentials" time="1.145" classname="com.nopcommerce.demo.testsuite.LoginPageTest" />
      
</testsuite>
