<?xml version="1.0" encoding="UTF-8"?>
<testsuite name="Login Test"
           tests="2"
           failures="0"
           errors="0"
           skipped="0"
           time="1.658">
  <properties />
  
  
            <testcase name="verifyUserShouldNavigateToDesktopsPageSuccessfully" time="1.130" classname="com.nopcommerce.demo.testsuite.ComputerPageTest" />
                <testcase name="verifyUserShouldNavigateToComputerPageSuccessfully" time="0.528" classname="com.nopcommerce.demo.testsuite.ComputerPageTest" />
      
</testsuite>
